2026-07-21 02:21:52,408 [INFO] hsts: HSTS Log Engine initialized successfully.
2026-07-21 02:21:52,411 [INFO] hsts.main: Starting HSTS scanner run...
2026-07-21 02:21:52,447 [INFO] hsts.regime: Evaluating market regime using index ^NSEI...
2026-07-21 02:21:59,562 [INFO] hsts.regime: Market regime identified as BEARISH (Close: 24334.30, 50 EMA: 23974.40, 200 EMA: 24483.53)
2026-07-21 02:21:59,563 [WARNING] hsts.main: Market is BEARISH. Capital preservation mode active. No new momentum entries allowed.
2026-07-21 02:21:59,579 [INFO] hsts.sharia: TCS is pre-screened (Nifty Shariah). Automatically compliant.
2026-07-21 02:21:59,797 [ERROR] yfinance: TCS.NS: Period '6m' is invalid, must be one of: 1d, 5d, 1mo, 3mo, 6mo, 1y, 2y, 5y, 10y, ytd, max
2026-07-21 02:21:59,800 [INFO] hsts.sharia: INFY is pre-screened (Nifty Shariah). Automatically compliant.
2026-07-21 02:22:00,055 [ERROR] yfinance: INFY.NS: Period '6m' is invalid, must be one of: 1d, 5d, 1mo, 3mo, 6mo, 1y, 2y, 5y, 10y, ytd, max
2026-07-21 02:22:00,059 [INFO] hsts.sharia: RELIANCE is pre-screened (Nifty Shariah). Automatically compliant.
2026-07-21 02:22:00,278 [ERROR] yfinance: RELIANCE.NS: Period '6m' is invalid, must be one of: 1d, 5d, 1mo, 3mo, 6mo, 1y, 2y, 5y, 10y, ytd, max
2026-07-21 02:22:00,281 [INFO] hsts.sharia: Running programmatic screen for HDFCBANK...
2026-07-21 02:22:00,624 [INFO] hsts.sharia: Rejected: Non-permissible sector 'Financial Services'
2026-07-21 02:22:00,626 [INFO] hsts.sharia: Running programmatic screen for ITC...
2026-07-21 02:22:00,862 [INFO] hsts.sharia: Rejected: Non-permissible industry 'Tobacco'
2026-07-21 02:22:00,864 [INFO] hsts.sharia: Running programmatic screen for TATAMOTORS...
2026-07-21 02:22:01,291 [ERROR] yfinance: HTTP Error 404: {"quoteSummary":{"result":null,"error":{"code":"Not Found","description":"Quote not found for symbol: TATAMOTORS.NS"}}}
2026-07-21 02:22:01,440 [WARNING] hsts.sharia: Could not retrieve info for TATAMOTORS. Stock skipped.
2026-07-21 02:22:01,443 [INFO] hsts.sharia: Running programmatic screen for LT...
2026-07-21 02:22:02,345 [ERROR] yfinance: LT.NS: Period '6m' is invalid, must be one of: 1d, 5d, 1mo, 3mo, 6mo, 1y, 2y, 5y, 10y, ytd, max
2026-07-21 02:22:02,348 [INFO] hsts.sharia: Running programmatic screen for MUTHOOTFIN...
2026-07-21 02:22:02,603 [INFO] hsts.sharia: Rejected: Non-permissible sector 'Financial Services'
2026-07-21 02:22:20,366 [INFO] hsts: HSTS Log Engine initialized successfully.
2026-07-21 02:22:20,370 [INFO] hsts.main: Starting HSTS scanner run...
2026-07-21 02:22:20,382 [INFO] hsts.regime: Evaluating market regime using index ^NSEI...
2026-07-21 02:22:20,938 [INFO] hsts.regime: Market regime identified as BEARISH (Close: 24334.30, 50 EMA: 23974.40, 200 EMA: 24483.53)
2026-07-21 02:22:20,939 [WARNING] hsts.main: Market is BEARISH. Capital preservation mode active. No new momentum entries allowed.
2026-07-21 02:22:20,948 [INFO] hsts.sharia: TCS is pre-screened (Nifty Shariah). Automatically compliant.
2026-07-21 02:22:21,096 [INFO] hsts.main: Analyzed TCS: Signal = WAIT (Score: 20)
2026-07-21 02:22:21,098 [INFO] hsts.sharia: INFY is pre-screened (Nifty Shariah). Automatically compliant.
2026-07-21 02:22:21,243 [INFO] hsts.main: Analyzed INFY: Signal = WAIT (Score: 20)
2026-07-21 02:22:21,246 [INFO] hsts.sharia: RELIANCE is pre-screened (Nifty Shariah). Automatically compliant.
2026-07-21 02:22:21,398 [INFO] hsts.main: Analyzed RELIANCE: Signal = WAIT (Score: 40)
2026-07-21 02:22:21,400 [INFO] hsts.sharia: Running programmatic screen for HDFCBANK...
2026-07-21 02:22:21,640 [INFO] hsts.sharia: Rejected: Non-permissible sector 'Financial Services'
2026-07-21 02:22:21,642 [INFO] hsts.sharia: Running programmatic screen for ITC...
2026-07-21 02:22:21,871 [INFO] hsts.sharia: Rejected: Non-permissible industry 'Tobacco'
2026-07-21 02:22:21,874 [INFO] hsts.sharia: Running programmatic screen for TATAMOTORS...
2026-07-21 02:22:22,271 [ERROR] yfinance: HTTP Error 404: {"quoteSummary":{"result":null,"error":{"code":"Not Found","description":"Quote not found for symbol: TATAMOTORS.NS"}}}
2026-07-21 02:22:22,424 [WARNING] hsts.sharia: Could not retrieve info for TATAMOTORS. Stock skipped.
2026-07-21 02:22:22,428 [INFO] hsts.sharia: Running programmatic screen for LT...
2026-07-21 02:22:23,261 [INFO] hsts.main: Analyzed LT: Signal = WAIT (Score: 0)
2026-07-21 02:22:23,263 [INFO] hsts.sharia: Running programmatic screen for MUTHOOTFIN...
2026-07-21 02:22:23,503 [INFO] hsts.sharia: Rejected: Non-permissible sector 'Financial Services'
